<?xml version="1.0" encoding="UTF-8"?>
<!-- Generated by org.testng.reporters.JUnitXMLReporter -->
<testsuite ignored="0" hostname="DESKTOP-V4F5179" failures="2" tests="3" name="Test" time="0.239" errors="0" timestamp="2025-06-24T13:58:55 IST">
  <testcase classname="testCases.TC001_HomeTest" name="verifyLoginPage" time="0.12">
    <failure type="java.lang.NullPointerException" message="this driver shouldn&amp;apos;t be null">
      <![CDATA[java.lang.NullPointerException: this driver shouldn't be null
at java.base/java.util.Objects.requireNonNull(Objects.java:259)
at utilities.SeleniumUtils.<init>(SeleniumUtils.java:48)
at PageObjects.LoginPage.<init>(LoginPage.java:15)
at testCases.TC001_HomeTest.verifyLoginPage(TC001_HomeTest.java:16)
at java.base/java.util.ArrayList.forEach(ArrayList.java:1596)
... Removed 25 stack frames]]>
    </failure>
  </testcase> <!-- verifyLoginPage -->
  <testcase classname="testCases.TC002_NewUserTest" name="enterDetails" time="0.004">
    <failure type="java.lang.NullPointerException" message="this driver shouldn&amp;apos;t be null">
      <![CDATA[java.lang.NullPointerException: this driver shouldn't be null
at java.base/java.util.Objects.requireNonNull(Objects.java:259)
at utilities.SeleniumUtils.<init>(SeleniumUtils.java:48)
at PageObjects.LoginPage.<init>(LoginPage.java:15)
at testCases.TC002_NewUserTest.enterDetails(TC002_NewUserTest.java:18)
at java.base/java.util.ArrayList.forEach(ArrayList.java:1596)
... Removed 25 stack frames]]>
    </failure>
  </testcase> <!-- enterDetails -->
  <testcase classname="testCases.TC002_NewUserTest" name="newUserVerification" time="0.0">
    <skipped/>
  </testcase> <!-- newUserVerification -->
</testsuite> <!-- Test -->
