<?xml version="1.0" encoding="UTF-8"?>
<testng-results ignored="0" total="1" passed="1" failed="0" skipped="0">
  <reporter-output>
  </reporter-output>
  <suite started-at="2025-07-01T11:59:35 IST" name="Default suite" finished-at="2025-07-01T11:59:44 IST" duration-ms="9662">
    <groups>
      <group name="Master">
        <method signature="TC001_HomeTest.verifyLoginPage()[pri:0, instance:testCases.TC001_HomeTest@269f4bad]" name="verifyLoginPage" class="testCases.TC001_HomeTest"/>
      </group> <!-- Master -->
    </groups>
    <test started-at="2025-07-01T11:59:35 IST" name="Default test" finished-at="2025-07-01T11:59:44 IST" duration-ms="9662">
      <class name="testCases.TC001_HomeTest">
        <test-method is-config="true" signature="setUp()[pri:0, instance:testCases.TC001_HomeTest@269f4bad]" started-at="2025-07-01T11:59:35 IST" name="setUp" finished-at="2025-07-01T11:59:38 IST" duration-ms="3874" status="PASS">
          <reporter-output>
          </reporter-output>
        </test-method> <!-- setUp -->
        <test-method signature="verifyLoginPage()[pri:0, instance:testCases.TC001_HomeTest@269f4bad]" started-at="2025-07-01T11:59:39 IST" name="verifyLoginPage" finished-at="2025-07-01T11:59:44 IST" duration-ms="5148" status="PASS">
          <reporter-output>
          </reporter-output>
        </test-method> <!-- verifyLoginPage -->
        <test-method is-config="true" signature="tearDown()[pri:0, instance:testCases.TC001_HomeTest@269f4bad]" started-at="2025-07-01T11:59:44 IST" name="tearDown" finished-at="2025-07-01T11:59:44 IST" duration-ms="550" status="PASS">
          <reporter-output>
          </reporter-output>
        </test-method> <!-- tearDown -->
      </class> <!-- testCases.TC001_HomeTest -->
    </test> <!-- Default test -->
  </suite> <!-- Default suite -->
</testng-results>
